<?xml version="1.0" encoding="UTF-8"?>
<testsuite xmlns:xsi="http://www.w3.org/2001/XMLSchema-instance" xsi:noNamespaceSchemaLocation="https://maven.apache.org/surefire/maven-surefire-plugin/xsd/surefire-test-report.xsd" version="3.0.2" name="com.pokernight.game.HandEvaluatorTest" time="0.116" tests="6" errors="0" skipped="0" failures="0">
  <properties>
[...]
</properties>
  <testcase name="ranksTrailAbovePureSequence" classname="com.pokernight.game.HandEvaluatorTest" time="0.074"/>
  <testcase name="rankTieBreakersAreDeterministic" classname="com.pokernight.game.HandEvaluatorTest" time="0.007"/>
  <testcase name="coversAllStandardCategories" classname="com.pokernight.game.HandEvaluatorTest" time="0.005"/>
  <testcase name="threeTwoAceIsNotSequence" classname="com.pokernight.game.HandEvaluatorTest" time="0.002"/>
  <testcase name="pairBeatsHighCard" classname="com.pokernight.game.HandEvaluatorTest" time="0.004"/>
  <testcase name="aceTwoThreeIsValidLowestSequence" classname="com.pokernight.game.HandEvaluatorTest" time="0.005"/>
</testsuite>